[debug] [2021-10-19T18:02:24.149Z] ----------------------------------------------------------------------
[debug] [2021-10-19T18:02:24.152Z] Command:       C:\Program Files\nodejs\node.exe C:\Users\Dell\AppData\Roaming\npm\node_modules\firebase-tools\lib\bin\firebase.js init hosting
[debug] [2021-10-19T18:02:24.153Z] CLI Version:   9.20.0
[debug] [2021-10-19T18:02:24.153Z] Platform:      win32
[debug] [2021-10-19T18:02:24.153Z] Node Version:  v14.17.1
[debug] [2021-10-19T18:02:24.154Z] Time:          Wed Oct 20 2021 00:02:24 GMT+0600 (Bangladesh Standard Time)
[debug] [2021-10-19T18:02:24.155Z] ----------------------------------------------------------------------
[debug] 
[debug] [2021-10-19T18:02:24.314Z] > command requires scopes: ["email","openid","https://www.googleapis.com/auth/cloudplatformprojects.readonly","https://www.googleapis.com/auth/firebase","https://www.googleapis.com/auth/cloud-platform"]
[debug] [2021-10-19T18:02:24.314Z] > authorizing via signed-in user (anikroy275@gmail.com)
[info] 
     ######## #### ########  ######## ########     ###     ######  ########
     ##        ##  ##     ## ##       ##     ##  ##   ##  ##       ##
     ######    ##  ########  ######   ########  #########  ######  ######
     ##        ##  ##    ##  ##       ##     ## ##     ##       ## ##
     ##       #### ##     ## ######## ########  ##     ##  ######  ########

You're about to initialize a Firebase project in this directory:

  F:\Complete web development Course\react-healthcare-assignment-10

Before we get started, keep in mind:

  * You are initializing within an existing Firebase project directory

[info] 
=== Project Setup
[info] 
[info] First, let's associate this project directory with a Firebase project.
[info] You can create multiple project aliases by running firebase use --add, 
[info] but for now we'll just set up a default project.
[info] 
[info] i  .firebaserc already has a default project, using we-care-hospital. 
[debug] [2021-10-19T18:10:23.008Z] >>> [apiv2][query] GET https://firebase.googleapis.com/v1beta1/projects/we-care-hospital [none]
[debug] [2021-10-19T18:10:23.319Z] Failed to make request to https://firebase.googleapis.com/v1beta1/projects/we-care-hospital
[debug] [2021-10-19T18:10:23.333Z] FirebaseError: Failed to make request to https://firebase.googleapis.com/v1beta1/projects/we-care-hospital
    at Client.doRequest (C:\Users\Dell\AppData\Roaming\npm\node_modules\firebase-tools\lib\apiv2.js:211:19)
    at processTicksAndRejections (internal/process/task_queues.js:95:5)
    at async Client.request (C:\Users\Dell\AppData\Roaming\npm\node_modules\firebase-tools\lib\apiv2.js:96:20)
    at async Object.getFirebaseProject (C:\Users\Dell\AppData\Roaming\npm\node_modules\firebase-tools\lib\management\projects.js:290:21)
    at async Object.doSetup [as project] (C:\Users\Dell\AppData\Roaming\npm\node_modules\firebase-tools\lib\init\features\project.js:77:27)
    at async init (C:\Users\Dell\AppData\Roaming\npm\node_modules\firebase-tools\lib\init\index.js:19:9)
[error] 
[error] Error: Failed to get Firebase project we-care-hospital. Please make sure the project exists and your account has permission to access it.
